warn:  CreateDXGIFactory2: Ignoring flags
info:  Game: Adobe Spaces Helper.exe
info:  DXVK: v1.10.1
info:  Built-in extension providers:
info:    Win32 WSI
info:    OpenVR
info:    OpenXR
info:  OpenVR: could not open registry key, status 2
info:  OpenVR: Failed to locate module
info:  Enabled instance extensions:
info:    VK_KHR_get_surface_capabilities2
info:    VK_KHR_surface
info:    VK_KHR_win32_surface
info:  Intel(R) HD Graphics 520 (SKL GT2):
info:    Driver: 22.0.1
info:    Vulkan: 1.3.204
info:    Memory Heap[0]: 
info:      Size: 8909 MiB
info:      Flags: 0x1
info:      Memory Type[0]: Property Flags = 0xf
warn:  DxgiAdapter::QueryInterface: Unknown interface query
warn:  17399d75-964e-4c03-99f8-9d4fd196dd62
warn:  CreateDXGIFactory2: Ignoring flags
info:  Game: Adobe Spaces Helper.exe
info:  DXVK: v1.10.1
info:  Built-in extension providers:
info:    Win32 WSI
info:    OpenVR
info:    OpenXR
info:  OpenVR: could not open registry key, status 2
info:  OpenVR: Failed to locate module
info:  Enabled instance extensions:
info:    VK_KHR_get_surface_capabilities2
info:    VK_KHR_surface
info:    VK_KHR_win32_surface
info:  Intel(R) HD Graphics 520 (SKL GT2):
info:    Driver: 22.0.1
info:    Vulkan: 1.3.204
info:    Memory Heap[0]: 
info:      Size: 8909 MiB
info:      Flags: 0x1
info:      Memory Type[0]: Property Flags = 0xf
warn:  DxgiAdapter::QueryInterface: Unknown interface query
warn:  17399d75-964e-4c03-99f8-9d4fd196dd62
